<?xml version="1.0" encoding="UTF-8"?>
<!-- Generated by org.testng.reporters.JUnitXMLReporter -->
<testsuite hostname="DESKTOP-3TMVG7F" ignored="1" name="Default test" tests="1" failures="0" timestamp="24 Sep 2018 16:03:27 GMT" time="14.177" errors="0">
  <testcase name="EmployeeAddition" time="14.097" classname="practiceTests.SchemaValidationPost"/>
  <testcase name="SchemaValidation" time="0.0" classname="practiceTests.SchemaValidationPost">
    <ignored/>
  </testcase> <!-- SchemaValidation -->
</testsuite> <!-- Default test -->
