<?xml version="1.0" encoding="UTF-8"?>
<!-- Generated by org.testng.reporters.JUnitXMLReporter -->
<testsuite hostname="Pep-Pc-031" ignored="1" name="Default test" tests="3" failures="0" timestamp="2020-02-05T18:31:22 IST" time="7.953" errors="0">
  <testcase name="GenerateOauthToken" time="4.41" classname="tests.Company_CRUD.CreateCompany"/>
  <testcase name="Create_Company_TC01" time="1.85" classname="tests.Company_CRUD.CreateCompany"/>
  <testcase name="Create_Company_TC02" time="1.635" classname="tests.Company_CRUD.CreateCompany"/>
  <testcase name="TestReadingJsonObject" time="0.0" classname="tests.Company_CRUD.CreateCompany">
    <ignored/>
  </testcase> <!-- TestReadingJsonObject -->
</testsuite> <!-- Default test -->
